<?xml version="1.0" encoding="UTF-8"?>
<!-- Generated by org.testng.reporters.JUnitXMLReporter -->
<testsuite hostname="MAVBCP75" name="Test" tests="4" failures="0" timestamp="9 Jun 2020 02:45:06 GMT" time="239.655" errors="0">
  <testcase name="EMI_AddNewEMI" time="33.763" classname="com.testscenerios.EMI_Vimal"/>
  <testcase name="EMI_AddNewEMI" time="32.212" classname="com.testscenerios.EMI_Vimal"/>
  <testcase name="EMI_AddNewEMI" time="50.331" classname="com.testscenerios.EMI_Vimal"/>
  <testcase name="EMI_ViewEMI" time="58.909" classname="com.testscenerios.EMI_Vimal"/>
</testsuite> <!-- Test -->
