<?xml version="1.0" encoding="UTF-8"?>
<!-- Generated by org.testng.reporters.JUnitXMLReporter -->
<testsuite hostname="MAVBCP75" name="Testing in Cloud" tests="4" failures="0" timestamp="9 Jun 2020 04:32:33 GMT" time="23.35" errors="0">
  <testcase name="@BeforeMethod setUp" time="0.0" classname="com.testscenerios.EMI_Vimal">
    <failure type="org.openqa.selenium.SessionNotCreatedException" message="Unable to create a new remote session. Please check the server log for more details. Original error: Appium grid session was cancelled: CLOUD-SID:2020-06-09_04-31-05-01c06290-e95f-4182-a782-6fb675ff1093session not created (An unknown server-side error occurred. status=&amp;apos;false&amp;apos;. Failed to complete internal method: &amp;apos;launch args: [com.avrapps.emicalculator/.activities.EMICalculator, false, true]&amp;apos;, details: Failed to launch activity / URL. Launch failed, please verify that the application is installed on the device (reportUrl=https://demo.experitest.com/reporter/#/test/527/project/Maveric Sys./))  (WARNING: The server did not provide any stacktrace information)
Command duration or timeout: 23.23 seconds
Build info: version: &amp;apos;3.141.59&amp;apos;, revision: &amp;apos;e82be7d358&amp;apos;, time: &amp;apos;2018-11-14T08:17:03&amp;apos;
System info: host: &amp;apos;MAVBCP75&amp;apos;, ip: &amp;apos;192.168.43.19&amp;apos;, os.name: &amp;apos;Windows 10&amp;apos;, os.arch: &amp;apos;amd64&amp;apos;, os.version: &amp;apos;10.0&amp;apos;, java.version: &amp;apos;1.8.0_231&amp;apos;
Driver info: driver.version: AndroidDriver
Build info: version: &amp;apos;3.141.59&amp;apos;, revision: &amp;apos;e82be7d358&amp;apos;, time: &amp;apos;2018-11-14T08:17:03&amp;apos;
System info: host: &amp;apos;MAVBCP75&amp;apos;, ip: &amp;apos;192.168.43.19&amp;apos;, os.name: &amp;apos;Windows 10&amp;apos;, os.arch: &amp;apos;amd64&amp;apos;, os.version: &amp;apos;10.0&amp;apos;, java.version: &amp;apos;1.8.0_231&amp;apos;
Driver info: driver.version: AndroidDriver">
      <![CDATA[org.openqa.selenium.SessionNotCreatedException: Unable to create a new remote session. Please check the server log for more details. Original error: Appium grid session was cancelled: CLOUD-SID:2020-06-09_04-31-05-01c06290-e95f-4182-a782-6fb675ff1093session not created (An unknown server-side error occurred. status='false'. Failed to complete internal method: 'launch args: [com.avrapps.emicalculator/.activities.EMICalculator, false, true]', details: Failed to launch activity / URL. Launch failed, please verify that the application is installed on the device (reportUrl=https://demo.experitest.com/reporter/#/test/527/project/Maveric Sys./))  (WARNING: The server did not provide any stacktrace information)
Command duration or timeout: 23.23 seconds
Build info: version: '3.141.59', revision: 'e82be7d358', time: '2018-11-14T08:17:03'
System info: host: 'MAVBCP75', ip: '192.168.43.19', os.name: 'Windows 10', os.arch: 'amd64', os.version: '10.0', java.version: '1.8.0_231'
Driver info: driver.version: AndroidDriver
Build info: version: '3.141.59', revision: 'e82be7d358', time: '2018-11-14T08:17:03'
System info: host: 'MAVBCP75', ip: '192.168.43.19', os.name: 'Windows 10', os.arch: 'amd64', os.version: '10.0', java.version: '1.8.0_231'
Driver info: driver.version: AndroidDriver
	at io.appium.java_client.remote.AppiumCommandExecutor$1.createSession(AppiumCommandExecutor.java:208)
	at io.appium.java_client.remote.AppiumCommandExecutor.createSession(AppiumCommandExecutor.java:217)
	at io.appium.java_client.remote.AppiumCommandExecutor.execute(AppiumCommandExecutor.java:239)
	at org.openqa.selenium.remote.RemoteWebDriver.execute(RemoteWebDriver.java:552)
	at io.appium.java_client.DefaultGenericMobileDriver.execute(DefaultGenericMobileDriver.java:41)
	at io.appium.java_client.AppiumDriver.execute(AppiumDriver.java:1)
	at io.appium.java_client.android.AndroidDriver.execute(AndroidDriver.java:1)
	at org.openqa.selenium.remote.RemoteWebDriver.startSession(RemoteWebDriver.java:213)
	at io.appium.java_client.AppiumDriver.startSession(AppiumDriver.java:336)
	at org.openqa.selenium.remote.RemoteWebDriver.<init>(RemoteWebDriver.java:131)
	at io.appium.java_client.DefaultGenericMobileDriver.<init>(DefaultGenericMobileDriver.java:37)
	at io.appium.java_client.AppiumDriver.<init>(AppiumDriver.java:88)
	at io.appium.java_client.AppiumDriver.<init>(AppiumDriver.java:98)
	at io.appium.java_client.android.AndroidDriver.<init>(AndroidDriver.java:94)
	at com.testscenerios.EMI_Vimal.setUp(EMI_Vimal.java:63)
	at io.appium.java_client.remote.AppiumCommandExecutor$1.createSession(AppiumCommandExecutor.java:186)
	... 40 more
Caused by: org.openqa.selenium.SessionNotCreatedException: Appium grid session was cancelled: CLOUD-SID:2020-06-09_04-31-05-01c06290-e95f-4182-a782-6fb675ff1093session not created (An unknown server-side error occurred. status='false'. Failed to complete internal method: 'launch args: [com.avrapps.emicalculator/.activities.EMICalculator, false, true]', details: Failed to launch activity / URL. Launch failed, please verify that the application is installed on the device (reportUrl=https://demo.experitest.com/reporter/#/test/527/project/Maveric Sys./))  (WARNING: The server did not provide any stacktrace information)
Command duration or timeout: 23.23 seconds
Build info: version: '3.141.59', revision: 'e82be7d358', time: '2018-11-14T08:17:03'
System info: host: 'MAVBCP75', ip: '192.168.43.19', os.name: 'Windows 10', os.arch: 'amd64', os.version: '10.0', java.version: '1.8.0_231'
Driver info: driver.version: AndroidDriver
	at org.openqa.selenium.remote.ErrorHandler.createThrowable(ErrorHandler.java:214)
	at org.openqa.selenium.remote.ErrorHandler.throwIfResponseFailed(ErrorHandler.java:166)
	at org.openqa.selenium.remote.JsonWireProtocolResponse.lambda$errorHandler$0(JsonWireProtocolResponse.java:54)
	at org.openqa.selenium.remote.HandshakeResponse.lambda$getResponseFunction$0(HandshakeResponse.java:30)
	at org.openqa.selenium.remote.ProtocolHandshake.lambda$createSession$0(ProtocolHandshake.java:126)
	at java.util.stream.ReferencePipeline$3$1.accept(ReferencePipeline.java:193)
	at java.util.Spliterators$ArraySpliterator.tryAdvance(Spliterators.java:958)
	at java.util.stream.ReferencePipeline.forEachWithCancel(ReferencePipeline.java:126)
	at java.util.stream.AbstractPipeline.copyIntoWithCancel(AbstractPipeline.java:499)
	at java.util.stream.AbstractPipeline.copyInto(AbstractPipeline.java:486)
	at java.util.stream.AbstractPipeline.wrapAndCopyInto(AbstractPipeline.java:472)
	at java.util.stream.FindOps$FindOp.evaluateSequential(FindOps.java:152)
	at java.util.stream.AbstractPipeline.evaluate(AbstractPipeline.java:234)
	at java.util.stream.ReferencePipeline.findFirst(ReferencePipeline.java:464)
	at org.openqa.selenium.remote.ProtocolHandshake.createSession(ProtocolHandshake.java:128)
	... 45 more
... Removed 35 stack frames]]>
    </failure>
  </testcase> <!-- @BeforeMethod setUp -->
  <testcase name="@AfterMethod tearDown" time="0.0" classname="com.testscenerios.EMI_Vimal">
    <skipped/>
  </testcase> <!-- @AfterMethod tearDown -->
  <testcase name="@BeforeMethod setUp" time="0.0" classname="com.testscenerios.EMI_Vimal">
    <skipped/>
  </testcase> <!-- @BeforeMethod setUp -->
  <testcase name="@AfterMethod tearDown" time="0.0" classname="com.testscenerios.EMI_Vimal">
    <skipped/>
  </testcase> <!-- @AfterMethod tearDown -->
  <testcase name="@BeforeMethod setUp" time="0.0" classname="com.testscenerios.EMI_Vimal">
    <skipped/>
  </testcase> <!-- @BeforeMethod setUp -->
  <testcase name="@AfterMethod tearDown" time="0.0" classname="com.testscenerios.EMI_Vimal">
    <skipped/>
  </testcase> <!-- @AfterMethod tearDown -->
  <testcase name="@BeforeMethod setUp" time="0.0" classname="com.testscenerios.EMI_Vimal">
    <skipped/>
  </testcase> <!-- @BeforeMethod setUp -->
  <testcase name="@AfterMethod tearDown" time="0.0" classname="com.testscenerios.EMI_Vimal">
    <skipped/>
  </testcase> <!-- @AfterMethod tearDown -->
  <testcase name="EMI_AddNewEMI" time="0.003" classname="com.testscenerios.EMI_Vimal">
    <skipped/>
  </testcase> <!-- EMI_AddNewEMI -->
  <testcase name="EMI_AddNewEMI" time="0.0" classname="com.testscenerios.EMI_Vimal">
    <skipped/>
  </testcase> <!-- EMI_AddNewEMI -->
  <testcase name="EMI_AddNewEMI" time="0.0" classname="com.testscenerios.EMI_Vimal">
    <skipped/>
  </testcase> <!-- EMI_AddNewEMI -->
  <testcase name="EMI_ViewEMI" time="0.0" classname="com.testscenerios.EMI_Vimal">
    <skipped/>
  </testcase> <!-- EMI_ViewEMI -->
</testsuite> <!-- Testing in Cloud -->
