<?xml version="1.0" encoding="UTF-8"?>
<testng-results skipped="0" failed="0" ignored="0" total="1" passed="1">
  <reporter-output>
  </reporter-output>
  <suite name="Suite" duration-ms="77621" started-at="2020-06-09T12:43:26 IST" finished-at="2020-06-09T12:44:44 IST">
    <groups>
    </groups>
    <test name="Testing in Emulator" duration-ms="77621" started-at="2020-06-09T12:43:26 IST" finished-at="2020-06-09T12:44:44 IST">
      <class name="com.testscenerios.EMI_Vimal">
        <test-method status="PASS" signature="objectCreation()[pri:0, instance:com.testscenerios.EMI_Vimal@52feb982]" name="objectCreation" is-config="true" duration-ms="10" started-at="2020-06-09T12:43:26 IST" finished-at="2020-06-09T12:43:26 IST">
          <reporter-output>
          </reporter-output>
        </test-method> <!-- objectCreation -->
        <test-method status="PASS" signature="setUp(java.lang.String)[pri:0, instance:com.testscenerios.EMI_Vimal@52feb982]" name="setUp" is-config="true" duration-ms="16136" started-at="2020-06-09T12:43:26 IST" finished-at="2020-06-09T12:43:42 IST">
          <params>
            <param index="0">
              <value>
                <![CDATA[Emulator]]>
              </value>
            </param>
          </params>
          <reporter-output>
          </reporter-output>
        </test-method> <!-- setUp -->
        <test-method status="PASS" signature="EMI_ViewEMI(java.lang.String, java.lang.String, java.lang.String, org.testng.ITestContext)[pri:0, instance:com.testscenerios.EMI_Vimal@52feb982]" name="EMI_ViewEMI" duration-ms="58099" started-at="2020-06-09T12:43:42 IST" finished-at="2020-06-09T12:44:40 IST">
          <params>
            <param index="0">
              <value>
                <![CDATA[80808]]>
              </value>
            </param>
            <param index="1">
              <value>
                <![CDATA[12]]>
              </value>
            </param>
            <param index="2">
              <value>
                <![CDATA[Housing Loan]]>
              </value>
            </param>
            <param index="3">
              <value>
                <![CDATA[org.testng.TestRunner@3b74ac8]]>
              </value>
            </param>
          </params>
          <reporter-output>
          </reporter-output>
        </test-method> <!-- EMI_ViewEMI -->
        <test-method status="PASS" signature="tearDown()[pri:0, instance:com.testscenerios.EMI_Vimal@52feb982]" name="tearDown" is-config="true" duration-ms="3287" started-at="2020-06-09T12:44:40 IST" finished-at="2020-06-09T12:44:44 IST">
          <reporter-output>
          </reporter-output>
        </test-method> <!-- tearDown -->
        <test-method status="FAIL" signature="endClass(org.testng.ITestContext)[pri:0, instance:com.testscenerios.EMI_Vimal@52feb982]" name="endClass" is-config="true" duration-ms="38" started-at="2020-06-09T12:44:44 IST" finished-at="2020-06-09T12:44:44 IST">
          <params>
            <param index="0">
              <value>
                <![CDATA[org.testng.TestRunner@3b74ac8]]>
              </value>
            </param>
          </params>
          <exception class="org.openqa.selenium.NoSuchSessionException">
            <message>
              <![CDATA[Session ID is null. Using WebDriver after calling quit()?
Build info: version: '3.141.59', revision: 'e82be7d358', time: '2018-11-14T08:17:03'
System info: host: 'MAVBCP75', ip: '192.168.43.19', os.name: 'Windows 10', os.arch: 'amd64', os.version: '10.0', java.version: '1.8.0_231'
Driver info: driver.version: RemoteWebDriver]]>
            </message>
            <full-stacktrace>
              <![CDATA[org.openqa.selenium.NoSuchSessionException: Session ID is null. Using WebDriver after calling quit()?
Build info: version: '3.141.59', revision: 'e82be7d358', time: '2018-11-14T08:17:03'
System info: host: 'MAVBCP75', ip: '192.168.43.19', os.name: 'Windows 10', os.arch: 'amd64', os.version: '10.0', java.version: '1.8.0_231'
Driver info: driver.version: RemoteWebDriver
at org.openqa.selenium.remote.HttpCommandExecutor.execute(HttpCommandExecutor.java:125)
at io.appium.java_client.remote.AppiumCommandExecutor.execute(AppiumCommandExecutor.java:239)
at org.openqa.selenium.remote.RemoteWebDriver.execute(RemoteWebDriver.java:552)
at io.appium.java_client.DefaultGenericMobileDriver.execute(DefaultGenericMobileDriver.java:45)
at io.appium.java_client.AppiumDriver.execute(AppiumDriver.java:1)
at io.appium.java_client.android.AndroidDriver.execute(AndroidDriver.java:1)
at org.openqa.selenium.remote.RemoteWebDriver.getScreenshotAs(RemoteWebDriver.java:295)
at com.utilities.Screenshot_Vimal.takeSnapShot(Screenshot_Vimal.java:20)
at com.testscenerios.EMI_Vimal.endClass(EMI_Vimal.java:174)
at sun.reflect.NativeMethodAccessorImpl.invoke0(Native Method)
at sun.reflect.NativeMethodAccessorImpl.invoke(NativeMethodAccessorImpl.java:62)
at sun.reflect.DelegatingMethodAccessorImpl.invoke(DelegatingMethodAccessorImpl.java:43)
at java.lang.reflect.Method.invoke(Method.java:498)
at org.testng.internal.MethodInvocationHelper.invokeMethod(MethodInvocationHelper.java:134)
at org.testng.internal.MethodInvocationHelper.invokeMethodConsideringTimeout(MethodInvocationHelper.java:63)
at org.testng.internal.ConfigInvoker.invokeConfigurationMethod(ConfigInvoker.java:348)
at org.testng.internal.ConfigInvoker.invokeConfigurations(ConfigInvoker.java:302)
at org.testng.internal.TestMethodWorker.invokeAfterClassMethods(TestMethodWorker.java:217)
at org.testng.internal.TestMethodWorker.run(TestMethodWorker.java:130)
at java.util.ArrayList.forEach(ArrayList.java:1257)
at org.testng.TestRunner.privateRun(TestRunner.java:766)
at org.testng.TestRunner.run(TestRunner.java:587)
at org.testng.SuiteRunner.runTest(SuiteRunner.java:384)
at org.testng.SuiteRunner.runSequentially(SuiteRunner.java:378)
at org.testng.SuiteRunner.privateRun(SuiteRunner.java:337)
at org.testng.SuiteRunner.run(SuiteRunner.java:286)
at org.testng.SuiteRunnerWorker.runSuite(SuiteRunnerWorker.java:53)
at org.testng.SuiteRunnerWorker.run(SuiteRunnerWorker.java:96)
at org.testng.TestNG.runSuitesSequentially(TestNG.java:1187)
at org.testng.TestNG.runSuitesLocally(TestNG.java:1109)
at org.testng.TestNG.runSuites(TestNG.java:1039)
at org.testng.TestNG.run(TestNG.java:1007)
at org.apache.maven.surefire.testng.TestNGExecutor.run(TestNGExecutor.java:283)
at org.apache.maven.surefire.testng.TestNGXmlTestSuite.execute(TestNGXmlTestSuite.java:75)
at org.apache.maven.surefire.testng.TestNGProvider.invoke(TestNGProvider.java:120)
at org.apache.maven.surefire.booter.ForkedBooter.runSuitesInProcess(ForkedBooter.java:377)
at org.apache.maven.surefire.booter.ForkedBooter.execute(ForkedBooter.java:138)
at org.apache.maven.surefire.booter.ForkedBooter.run(ForkedBooter.java:465)
at org.apache.maven.surefire.booter.ForkedBooter.main(ForkedBooter.java:451)
]]>
            </full-stacktrace>
          </exception> <!-- org.openqa.selenium.NoSuchSessionException -->
          <reporter-output>
          </reporter-output>
        </test-method> <!-- endClass -->
      </class> <!-- com.testscenerios.EMI_Vimal -->
    </test> <!-- Testing in Emulator -->
  </suite> <!-- Suite -->
</testng-results>
