<?xml version="1.0" encoding="UTF-8"?>
<testng-results skipped="0" failed="0" total="1" passed="1">
  <reporter-output>
  </reporter-output>
  <suite name="Suite" duration-ms="70257" started-at="2020-06-09T09:47:15Z" finished-at="2020-06-09T09:48:25Z">
    <groups>
    </groups>
    <test name="Testing in Emulator" duration-ms="70257" started-at="2020-06-09T09:47:15Z" finished-at="2020-06-09T09:48:25Z">
      <class name="com.testscenerios.WheelSize_Chandrika">
        <test-method status="PASS" signature="setUp(java.lang.String)[pri:0, instance:com.testscenerios.WheelSize_Chandrika@1176dcec]" name="setUp" is-config="true" duration-ms="14656" started-at="2020-06-09T15:17:15Z" finished-at="2020-06-09T15:17:30Z">
          <params>
            <param index="0">
              <value>
                <![CDATA[Emulator]]>
              </value>
            </param>
          </params>
          <reporter-output>
          </reporter-output>
        </test-method> <!-- setUp -->
        <test-method status="PASS" signature="WheelappDemo()[pri:0, instance:com.testscenerios.WheelSize_Chandrika@1176dcec]" name="WheelappDemo" duration-ms="51859" started-at="2020-06-09T15:17:30Z" finished-at="2020-06-09T15:18:22Z">
          <reporter-output>
          </reporter-output>
        </test-method> <!-- WheelappDemo -->
        <test-method status="PASS" signature="WheelappDemo1()[pri:0, instance:com.testscenerios.WheelSize_Chandrika@1176dcec]" name="WheelappDemo1" is-config="true" duration-ms="3713" started-at="2020-06-09T15:18:22Z" finished-at="2020-06-09T15:18:25Z">
          <reporter-output>
          </reporter-output>
        </test-method> <!-- WheelappDemo1 -->
      </class> <!-- com.testscenerios.WheelSize_Chandrika -->
    </test> <!-- Testing in Emulator -->
  </suite> <!-- Suite -->
</testng-results>
