<?xml version="1.0" encoding="UTF-8"?>
<testng-results skipped="0" failed="0" total="1" passed="1">
  <reporter-output>
  </reporter-output>
  <suite name="Suite" duration-ms="69623" started-at="2020-06-09T07:19:16Z" finished-at="2020-06-09T07:20:25Z">
    <groups>
    </groups>
    <test name="Testing in Emulator" duration-ms="69623" started-at="2020-06-09T07:19:16Z" finished-at="2020-06-09T07:20:25Z">
      <class name="com.testscenerios.EMI_Vimal">
        <test-method status="PASS" signature="objectCreation()[pri:0, instance:com.testscenerios.EMI_Vimal@2ea6137]" name="objectCreation" is-config="true" duration-ms="21" started-at="2020-06-09T12:49:16Z" finished-at="2020-06-09T12:49:16Z">
          <reporter-output>
          </reporter-output>
        </test-method> <!-- objectCreation -->
        <test-method status="PASS" signature="setUp(java.lang.String)[pri:0, instance:com.testscenerios.EMI_Vimal@2ea6137]" name="setUp" is-config="true" duration-ms="10641" started-at="2020-06-09T12:49:16Z" finished-at="2020-06-09T12:49:26Z">
          <params>
            <param index="0">
              <value>
                <![CDATA[Emulator]]>
              </value>
            </param>
          </params>
          <reporter-output>
          </reporter-output>
        </test-method> <!-- setUp -->
        <test-method status="PASS" signature="EMI_ViewEMI(java.lang.String, java.lang.String, java.lang.String, org.testng.ITestContext)[pri:0, instance:com.testscenerios.EMI_Vimal@2ea6137]" name="EMI_ViewEMI" duration-ms="55794" started-at="2020-06-09T12:49:26Z" data-provider="TestData" finished-at="2020-06-09T12:50:22Z">
          <params>
            <param index="0">
              <value>
                <![CDATA[80808]]>
              </value>
            </param>
            <param index="1">
              <value>
                <![CDATA[12]]>
              </value>
            </param>
            <param index="2">
              <value>
                <![CDATA[Housing Loan]]>
              </value>
            </param>
            <param index="3">
              <value>
                <![CDATA[org.testng.TestRunner@4c5ae43b]]>
              </value>
            </param>
          </params>
          <reporter-output>
          </reporter-output>
        </test-method> <!-- EMI_ViewEMI -->
        <test-method status="PASS" signature="tearDown()[pri:0, instance:com.testscenerios.EMI_Vimal@2ea6137]" name="tearDown" is-config="true" duration-ms="3127" started-at="2020-06-09T12:50:22Z" finished-at="2020-06-09T12:50:25Z">
          <reporter-output>
          </reporter-output>
        </test-method> <!-- tearDown -->
        <test-method status="FAIL" signature="endClass(org.testng.ITestContext)[pri:0, instance:com.testscenerios.EMI_Vimal@2ea6137]" name="endClass" is-config="true" duration-ms="0" started-at="2020-06-09T12:50:25Z" finished-at="2020-06-09T12:50:25Z">
          <params>
            <param index="0">
              <value>
                <![CDATA[org.testng.TestRunner@4c5ae43b]]>
              </value>
            </param>
          </params>
          <exception class="org.openqa.selenium.NoSuchSessionException">
            <message>
              <![CDATA[Session ID is null. Using WebDriver after calling quit()?
Build info: version: '3.141.59', revision: 'e82be7d358', time: '2018-11-14T08:17:03'
System info: host: 'MAVBCP75', ip: '192.168.43.19', os.name: 'Windows 10', os.arch: 'amd64', os.version: '10.0', java.version: '1.8.0_231'
Driver info: driver.version: RemoteWebDriver]]>
            </message>
            <full-stacktrace>
              <![CDATA[org.openqa.selenium.NoSuchSessionException: Session ID is null. Using WebDriver after calling quit()?
Build info: version: '3.141.59', revision: 'e82be7d358', time: '2018-11-14T08:17:03'
System info: host: 'MAVBCP75', ip: '192.168.43.19', os.name: 'Windows 10', os.arch: 'amd64', os.version: '10.0', java.version: '1.8.0_231'
Driver info: driver.version: RemoteWebDriver
	at org.openqa.selenium.remote.HttpCommandExecutor.execute(HttpCommandExecutor.java:125)
	at io.appium.java_client.remote.AppiumCommandExecutor.execute(AppiumCommandExecutor.java:239)
	at org.openqa.selenium.remote.RemoteWebDriver.execute(RemoteWebDriver.java:552)
	at io.appium.java_client.DefaultGenericMobileDriver.execute(DefaultGenericMobileDriver.java:45)
	at io.appium.java_client.AppiumDriver.execute(AppiumDriver.java:1)
	at io.appium.java_client.android.AndroidDriver.execute(AndroidDriver.java:1)
	at org.openqa.selenium.remote.RemoteWebDriver.getScreenshotAs(RemoteWebDriver.java:295)
	at com.utilities.Screenshot_Vimal.takeSnapShot(Screenshot_Vimal.java:20)
	at com.testscenerios.EMI_Vimal.endClass(EMI_Vimal.java:183)
	at sun.reflect.NativeMethodAccessorImpl.invoke0(Native Method)
	at sun.reflect.NativeMethodAccessorImpl.invoke(NativeMethodAccessorImpl.java:62)
	at sun.reflect.DelegatingMethodAccessorImpl.invoke(DelegatingMethodAccessorImpl.java:43)
	at java.lang.reflect.Method.invoke(Method.java:498)
	at org.testng.internal.MethodInvocationHelper.invokeMethod(MethodInvocationHelper.java:86)
	at org.testng.internal.Invoker.invokeConfigurationMethod(Invoker.java:514)
	at org.testng.internal.Invoker.invokeConfigurations(Invoker.java:215)
	at org.testng.internal.Invoker.invokeConfigurations(Invoker.java:142)
	at org.testng.internal.TestMethodWorker.invokeAfterClassMethods(TestMethodWorker.java:232)
	at org.testng.internal.TestMethodWorker.run(TestMethodWorker.java:115)
	at org.testng.TestRunner.privateRun(TestRunner.java:782)
	at org.testng.TestRunner.run(TestRunner.java:632)
	at org.testng.SuiteRunner.runTest(SuiteRunner.java:366)
	at org.testng.SuiteRunner.runSequentially(SuiteRunner.java:361)
	at org.testng.SuiteRunner.privateRun(SuiteRunner.java:319)
	at org.testng.SuiteRunner.run(SuiteRunner.java:268)
	at org.testng.SuiteRunnerWorker.runSuite(SuiteRunnerWorker.java:52)
	at org.testng.SuiteRunnerWorker.run(SuiteRunnerWorker.java:86)
	at org.testng.TestNG.runSuitesSequentially(TestNG.java:1244)
	at org.testng.TestNG.runSuitesLocally(TestNG.java:1169)
	at org.testng.TestNG.run(TestNG.java:1064)
	at org.testng.remote.RemoteTestNG.run(RemoteTestNG.java:113)
	at org.testng.remote.RemoteTestNG.initAndRun(RemoteTestNG.java:206)
	at org.testng.remote.RemoteTestNG.main(RemoteTestNG.java:177)
]]>
            </full-stacktrace>
          </exception> <!-- org.openqa.selenium.NoSuchSessionException -->
          <reporter-output>
          </reporter-output>
        </test-method> <!-- endClass -->
      </class> <!-- com.testscenerios.EMI_Vimal -->
    </test> <!-- Testing in Emulator -->
  </suite> <!-- Suite -->
</testng-results>
